Flow report for LCM_VGA
Sun Apr 28 17:32:16 2013
Quartus II 32-bit Version 12.1 Build 177 11/07/2012 SJ Web Edition


---------------------
; Table of Contents ;
---------------------
  1. Legal Notice
  2. Flow Summary
  3. Flow Settings
  4. Flow Non-Default Global Settings
  5. Flow Elapsed Time
  6. Flow OS Summary
  7. Flow Log



----------------
; Legal Notice ;
----------------
Copyright (C) 1991-2012 Altera Corporation
Your use of Altera Corporation's design tools, logic functions 
and other software and tools, and its AMPP partner logic 
functions, and any output files from any of the foregoing 
(including device programming or simulation files), and any 
associated documentation or information are expressly subject 
to the terms and conditions of the Altera Program License 
Subscription Agreement, Altera MegaCore Function License 
Agreement, or other applicable license agreement, including, 
without limitation, that your use is for the sole purpose of 
programming logic devices manufactured by Altera and sold by 
Altera or its authorized distributors.  Please refer to the 
applicable agreement for further details.



+-------------------------------------------------------------------------------+
; Flow Summary                                                                  ;
+------------------------------------+------------------------------------------+
; Flow Status                        ; Successful - Sun Apr 28 17:32:16 2013    ;
; Quartus II 32-bit Version          ; 12.1 Build 177 11/07/2012 SJ Web Edition ;
; Revision Name                      ; LCM_VGA                                  ;
; Top-level Entity Name              ; LCM_VGA                                  ;
; Family                             ; Cyclone II                               ;
; Device                             ; EP2C35F672C6                             ;
; Timing Models                      ; Final                                    ;
; Total logic elements               ; 759 / 33,216 ( 2 % )                     ;
;     Total combinational functions  ; 695 / 33,216 ( 2 % )                     ;
;     Dedicated logic registers      ; 275 / 33,216 ( < 1 % )                   ;
; Total registers                    ; 275                                      ;
; Total pins                         ; 168 / 475 ( 35 % )                       ;
; Total virtual pins                 ; 0                                        ;
; Total memory bits                  ; 232,960 / 483,840 ( 48 % )               ;
; Embedded Multiplier 9-bit elements ; 0 / 70 ( 0 % )                           ;
; Total PLLs                         ; 2 / 4 ( 50 % )                           ;
+------------------------------------+------------------------------------------+


+-----------------------------------------+
; Flow Settings                           ;
+-------------------+---------------------+
; Option            ; Setting             ;
+-------------------+---------------------+
; Start date & time ; 04/28/2013 17:29:47 ;
; Main task         ; Compilation         ;
; Revision Name     ; LCM_VGA             ;
+-------------------+---------------------+


+-----------------------------------------------------------------------------------------------------------------------------+
; Flow Non-Default Global Settings                                                                                            ;
+--------------------------------------+---------------------------------------+---------------+-------------+----------------+
; Assignment Name                      ; Value                                 ; Default Value ; Entity Name ; Section Id     ;
+--------------------------------------+---------------------------------------+---------------+-------------+----------------+
; ALLOW_POWER_UP_DONT_CARE             ; Off                                   ; On            ; --          ; --             ;
; COMPILER_SIGNATURE_ID                ; 35719348048152.136716658702864        ; --            ; --          ; --             ;
; EDA_DESIGN_INSTANCE_NAME             ; NA                                    ; --            ; --          ; osc_tb         ;
; EDA_NATIVELINK_SIMULATION_TEST_BENCH ; osc_tb                                ; --            ; --          ; eda_simulation ;
; EDA_OUTPUT_DATA_FORMAT               ; Verilog Hdl                           ; --            ; --          ; eda_simulation ;
; EDA_SIMULATION_TOOL                  ; ModelSim-Altera (Verilog)             ; <None>        ; --          ; --             ;
; EDA_TEST_BENCH_ENABLE_STATUS         ; TEST_BENCH_MODE                       ; --            ; --          ; eda_simulation ;
; EDA_TEST_BENCH_FILE                  ; simulation/modelsim/osc_testbench.v   ; --            ; --          ; osc_tb         ;
; EDA_TEST_BENCH_MODULE_NAME           ; osc_tb                                ; --            ; --          ; osc_tb         ;
; EDA_TEST_BENCH_NAME                  ; osc_tb                                ; --            ; --          ; eda_simulation ;
; EDA_TEST_BENCH_RUN_SIM_FOR           ; 100 ps                                ; --            ; --          ; osc_tb         ;
; EDA_TIME_SCALE                       ; 1 ps                                  ; --            ; --          ; eda_simulation ;
; ENABLE_SIGNALTAP                     ; Off                                   ; --            ; --          ; --             ;
; FMAX_REQUIREMENT                     ; 50 MHz                                ; --            ; --          ; --             ;
; IP_TOOL_NAME                         ; LPM_MUX                               ; --            ; --          ; --             ;
; IP_TOOL_NAME                         ; LPM_MUX                               ; --            ; --          ; --             ;
; IP_TOOL_VERSION                      ; 12.1                                  ; --            ; --          ; --             ;
; IP_TOOL_VERSION                      ; 12.1                                  ; --            ; --          ; --             ;
; MAX_CORE_JUNCTION_TEMP               ; 85                                    ; --            ; --          ; --             ;
; MIN_CORE_JUNCTION_TEMP               ; 0                                     ; --            ; --          ; --             ;
; MISC_FILE                            ; my_mux.bsf                            ; --            ; --          ; --             ;
; MISC_FILE                            ; my_mux_bb.v                           ; --            ; --          ; --             ;
; MISC_FILE                            ; mux_2.bsf                             ; --            ; --          ; --             ;
; MISC_FILE                            ; mux_2_bb.v                            ; --            ; --          ; --             ;
; PARTITION_COLOR                      ; 2147039                               ; --            ; --          ; Top            ;
; PARTITION_FITTER_PRESERVATION_LEVEL  ; PLACEMENT_AND_ROUTING                 ; --            ; --          ; Top            ;
; PARTITION_NETLIST_TYPE               ; SOURCE                                ; --            ; --          ; Top            ;
; POWER_BOARD_THERMAL_MODEL            ; None (CONSERVATIVE)                   ; --            ; --          ; --             ;
; POWER_PRESET_COOLING_SOLUTION        ; 23 MM HEAT SINK WITH 200 LFPM AIRFLOW ; --            ; --          ; --             ;
; REMOVE_DUPLICATE_REGISTERS           ; Off                                   ; On            ; --          ; --             ;
; SAVE_DISK_SPACE                      ; Off                                   ; On            ; --          ; --             ;
; USE_GENERATED_PHYSICAL_CONSTRAINTS   ; Off                                   ; --            ; --          ; eda_palace     ;
; USE_SIGNALTAP_FILE                   ; stp1.stp                              ; --            ; --          ; --             ;
+--------------------------------------+---------------------------------------+---------------+-------------+----------------+


+-------------------------------------------------------------------------------------------------------------------------------+
; Flow Elapsed Time                                                                                                             ;
+---------------------------+--------------+-------------------------+---------------------+------------------------------------+
; Module Name               ; Elapsed Time ; Average Processors Used ; Peak Virtual Memory ; Total CPU Time (on all processors) ;
+---------------------------+--------------+-------------------------+---------------------+------------------------------------+
; Analysis & Synthesis      ; 00:00:36     ; 1.0                     ; 386 MB              ; 00:00:20                           ;
; Fitter                    ; 00:01:00     ; 1.2                     ; 514 MB              ; 00:00:39                           ;
; Assembler                 ; 00:00:09     ; 1.0                     ; 363 MB              ; 00:00:07                           ;
; TimeQuest Timing Analyzer ; 00:00:10     ; 1.0                     ; 363 MB              ; 00:00:07                           ;
; EDA Netlist Writer        ; 00:00:03     ; 1.0                     ; 319 MB              ; 00:00:02                           ;
; Total                     ; 00:01:58     ; --                      ; --                  ; 00:01:15                           ;
+---------------------------+--------------+-------------------------+---------------------+------------------------------------+


+----------------------------------------------------------------------------------------+
; Flow OS Summary                                                                        ;
+---------------------------+------------------+-----------+------------+----------------+
; Module Name               ; Machine Hostname ; OS Name   ; OS Version ; Processor type ;
+---------------------------+------------------+-----------+------------+----------------+
; Analysis & Synthesis      ; B-PC             ; Windows 7 ; 6.1        ; x86_64         ;
; Fitter                    ; B-PC             ; Windows 7 ; 6.1        ; x86_64         ;
; Assembler                 ; B-PC             ; Windows 7 ; 6.1        ; x86_64         ;
; TimeQuest Timing Analyzer ; B-PC             ; Windows 7 ; 6.1        ; x86_64         ;
; EDA Netlist Writer        ; B-PC             ; Windows 7 ; 6.1        ; x86_64         ;
+---------------------------+------------------+-----------+------------+----------------+


------------
; Flow Log ;
------------
quartus_map --read_settings_files=on --write_settings_files=off LCM_VGA -c LCM_VGA
quartus_fit --read_settings_files=off --write_settings_files=off LCM_VGA -c LCM_VGA
quartus_asm --read_settings_files=off --write_settings_files=off LCM_VGA -c LCM_VGA
quartus_sta LCM_VGA -c LCM_VGA
quartus_eda --read_settings_files=off --write_settings_files=off LCM_VGA -c LCM_VGA



